<?xml version="1.0" encoding="utf-8"?>
<TestRun id="8d2d116f-bb2c-4fc7-b65a-79e1acd7fd14" name="@tx-jackallin 2025-10-09 11:36:33" xmlns="http://microsoft.com/schemas/VisualStudio/TeamTest/2010">
  <Times creation="2025-10-09T11:36:33.4001160+08:00" queuing="2025-10-09T11:36:33.4001170+08:00" start="2025-10-09T11:36:11.9921920+08:00" finish="2025-10-09T11:36:33.4037530+08:00" />
  <TestSettings name="default" id="62ba163a-d277-4d18-becf-370cd70a29a5">
    <Deployment runDeploymentRoot="_tx-jackallin_2025-10-09_11_36_33" />
  </TestSettings>
  <Results>
    <UnitTestResult executionId="6ae09d6e-55b1-451b-822a-98499120f89e" testId="9ee96df3-77f9-25a1-3a05-536d1aee93bc" testName="WebApi.Tests.HealthEndpointTests.GET_health_returns_ok_and_json" computerName="tx-jackallin" duration="00:00:11.3443460" startTime="2025-10-09T11:36:33.2258950+08:00" endTime="2025-10-09T11:36:33.2259040+08:00" testType="13cdc9d9-ddb5-4fa4-a97d-d965ccfc6d4b" outcome="Passed" testListId="8c84fa94-04c1-424b-9868-57a2d4851a1d" relativeResultsDirectory="6ae09d6e-55b1-451b-822a-98499120f89e" />
  </Results>
  <TestDefinitions>
    <UnitTest name="WebApi.Tests.HealthEndpointTests.GET_health_returns_ok_and_json" storage="/users/jackallin/documents/self/repo/github/csharp-dotnet_skeleton/tests/webapi.tests/bin/debug/net9.0/webapi.tests.dll" id="9ee96df3-77f9-25a1-3a05-536d1aee93bc">
      <Execution id="6ae09d6e-55b1-451b-822a-98499120f89e" />
      <TestMethod codeBase="/Users/jackallin/Documents/self/repo/github/csharp-dotnet_skeleton/tests/WebApi.Tests/bin/Debug/net9.0/WebApi.Tests.dll" adapterTypeName="executor://xunit/VsTestRunner2/netcoreapp" className="WebApi.Tests.HealthEndpointTests" name="GET_health_returns_ok_and_json" />
    </UnitTest>
  </TestDefinitions>
  <TestEntries>
    <TestEntry testId="9ee96df3-77f9-25a1-3a05-536d1aee93bc" executionId="6ae09d6e-55b1-451b-822a-98499120f89e" testListId="8c84fa94-04c1-424b-9868-57a2d4851a1d" />
  </TestEntries>
  <TestLists>
    <TestList name="Results Not in a List" id="8c84fa94-04c1-424b-9868-57a2d4851a1d" />
    <TestList name="All Loaded Results" id="19431567-8539-422a-85d7-44ee4e166bda" />
  </TestLists>
  <ResultSummary outcome="Completed">
    <Counters total="1" executed="1" passed="1" failed="0" error="0" timeout="0" aborted="0" inconclusive="0" passedButRunAborted="0" notRunnable="0" notExecuted="0" disconnected="0" warning="0" completed="0" inProgress="0" pending="0" />
    <Output>
      <StdOut>[xUnit.net 00:00:00.00] xUnit.net VSTest Adapter v2.8.2+699d445a1a (64-bit .NET 9.0.9)
[xUnit.net 00:00:01.08]   Discovering: WebApi.Tests
[xUnit.net 00:00:01.44]   Discovered:  WebApi.Tests
[xUnit.net 00:00:01.44]   Starting:    WebApi.Tests
dbug: Microsoft.Extensions.Hosting.Internal.Host[1]
      Hosting starting
dbug: Microsoft.Extensions.Hosting.Internal.Host[2]
      Hosting started
info: Microsoft.AspNetCore.Hosting.Diagnostics[1]
      Request starting HTTP/1.1 GET http://localhost/health - - -
info: Microsoft.AspNetCore.Routing.EndpointMiddleware[0]
      Executing endpoint 'HTTP: GET /health'
info: Microsoft.AspNetCore.Http.Result.OkObjectResult[1]
      Setting HTTP status code 200.
info: Microsoft.AspNetCore.Http.Result.OkObjectResult[3]
      Writing value of type '&lt;&gt;f__AnonymousType0`2' as Json.
info: Microsoft.AspNetCore.Routing.EndpointMiddleware[1]
      Executed endpoint 'HTTP: GET /health'
info: Microsoft.AspNetCore.Hosting.Diagnostics[2]
      Request finished HTTP/1.1 GET http://localhost/health - 200 - application/json;+charset=utf-8 135.7603ms
dbug: Microsoft.Extensions.Hosting.Internal.Host[3]
      Hosting stopping
dbug: Microsoft.Extensions.Hosting.Internal.Host[4]
      Hosting stopped
dbug: Microsoft.Extensions.Hosting.Internal.Host[3]
      Hosting stopping
dbug: Microsoft.Extensions.Hosting.Internal.Host[4]
      Hosting stopped
[xUnit.net 00:00:12.87]   Finished:    WebApi.Tests
</StdOut>
    </Output>
  </ResultSummary>
</TestRun>